2024-08-29 02:11:05,824 INFO o.a.j.u.JMeterUtils: Setting Locale to en_EN
2024-08-29 02:11:05,846 INFO o.a.j.JMeter: Loading user properties from: user.properties
2024-08-29 02:11:05,847 INFO o.a.j.JMeter: Loading system properties from: system.properties
2024-08-29 02:11:05,853 INFO o.a.j.JMeter: Copyright (c) 1998-2024 The Apache Software Foundation
2024-08-29 02:11:05,853 INFO o.a.j.JMeter: Version 5.6.3
2024-08-29 02:11:05,853 INFO o.a.j.JMeter: java.version=17.0.11
2024-08-29 02:11:05,853 INFO o.a.j.JMeter: java.vm.name=Java HotSpot(TM) 64-Bit Server VM
2024-08-29 02:11:05,853 INFO o.a.j.JMeter: os.name=Windows 11
2024-08-29 02:11:05,853 INFO o.a.j.JMeter: os.arch=amd64
2024-08-29 02:11:05,853 INFO o.a.j.JMeter: os.version=10.0
2024-08-29 02:11:05,854 INFO o.a.j.JMeter: file.encoding=Cp1252
2024-08-29 02:11:05,854 INFO o.a.j.JMeter: java.awt.headless=null
2024-08-29 02:11:05,854 INFO o.a.j.JMeter: Max memory     =1073741824
2024-08-29 02:11:05,854 INFO o.a.j.JMeter: Available Processors =12
2024-08-29 02:11:05,863 INFO o.a.j.JMeter: Default Locale=English (EN)
2024-08-29 02:11:05,863 INFO o.a.j.JMeter: JMeter  Locale=English (EN)
2024-08-29 02:11:05,863 INFO o.a.j.JMeter: JMeterHome=D:\Microservices\apache-jmeter-5.6.3\apache-jmeter-5.6.3
2024-08-29 02:11:05,863 INFO o.a.j.JMeter: user.dir  =D:\Microservices\apache-jmeter-5.6.3\apache-jmeter-5.6.3\bin
2024-08-29 02:11:05,863 INFO o.a.j.JMeter: PWD       =D:\Microservices\apache-jmeter-5.6.3\apache-jmeter-5.6.3\bin
2024-08-29 02:11:05,865 INFO o.a.j.JMeter: IP: 192.168.173.119 Name: DESKTOP-3UL0RQB FullName: DESKTOP-3UL0RQB
2024-08-29 02:11:05,878 INFO o.a.j.JMeter: Loaded icon properties from org/apache/jmeter/images/icon.properties
2024-08-29 02:11:06,068 INFO o.a.j.JMeterGuiLauncher: Setting LAF to: com.github.weisj.darklaf.DarkLaf:com.github.weisj.darklaf.theme.DarculaTheme
2024-08-29 02:11:18,092 INFO o.a.j.s.FileServer: Default base='D:\Microservices\apache-jmeter-5.6.3\apache-jmeter-5.6.3\bin'
2024-08-29 02:11:18,094 INFO o.a.j.g.a.Load: Loading file: D:\Microservices\apache-jmeter-5.6.3\apache-jmeter-5.6.3\bin\ratetreeresults.jmx
2024-08-29 02:11:18,095 INFO o.a.j.s.FileServer: Set new base='D:\Microservices\apache-jmeter-5.6.3\apache-jmeter-5.6.3\bin'
2024-08-29 02:11:18,251 INFO o.a.j.s.SaveService: Testplan (JMX) version: 2.2. Testlog (JTL) version: 2.2
2024-08-29 02:11:18,271 INFO o.a.j.s.SaveService: Using SaveService properties version 5.0
2024-08-29 02:11:18,273 INFO o.a.j.s.SaveService: Using SaveService properties file encoding UTF-8
2024-08-29 02:11:18,273 INFO o.a.j.s.SaveService: Loading file: D:\Microservices\apache-jmeter-5.6.3\apache-jmeter-5.6.3\bin\ratetreeresults.jmx
2024-08-29 02:11:18,296 INFO o.a.j.p.h.s.HTTPSamplerBase: Parser for text/html is org.apache.jmeter.protocol.http.parser.LagartoBasedHtmlParser
2024-08-29 02:11:18,296 INFO o.a.j.p.h.s.HTTPSamplerBase: Parser for application/xhtml+xml is org.apache.jmeter.protocol.http.parser.LagartoBasedHtmlParser
2024-08-29 02:11:18,297 INFO o.a.j.p.h.s.HTTPSamplerBase: Parser for application/xml is org.apache.jmeter.protocol.http.parser.LagartoBasedHtmlParser
2024-08-29 02:11:18,297 INFO o.a.j.p.h.s.HTTPSamplerBase: Parser for text/xml is org.apache.jmeter.protocol.http.parser.LagartoBasedHtmlParser
2024-08-29 02:11:18,297 INFO o.a.j.p.h.s.HTTPSamplerBase: Parser for text/vnd.wap.wml is org.apache.jmeter.protocol.http.parser.RegexpHTMLParser
2024-08-29 02:11:18,297 INFO o.a.j.p.h.s.HTTPSamplerBase: Parser for text/css is org.apache.jmeter.protocol.http.parser.CssParser
2024-08-29 02:11:18,438 INFO o.a.j.s.FileServer: Set new base='D:\Microservices\apache-jmeter-5.6.3\apache-jmeter-5.6.3\bin'
2024-08-29 02:11:25,788 INFO o.a.j.e.StandardJMeterEngine: Running the test!
2024-08-29 02:11:25,788 INFO o.a.j.s.SampleEvent: List of sample_variables: []
2024-08-29 02:11:25,788 INFO o.a.j.s.SampleEvent: List of sample_variables: []
2024-08-29 02:11:25,789 INFO o.a.j.e.u.CompoundVariable: Note: Function class names must contain the string: '.functions.'
2024-08-29 02:11:25,789 INFO o.a.j.e.u.CompoundVariable: Note: Function class names must not contain the string: '.gui.'
2024-08-29 02:11:25,844 INFO o.a.j.g.u.JMeterMenuBar: setRunning(true, *local*)
2024-08-29 02:11:25,852 INFO o.a.j.e.StandardJMeterEngine: Starting ThreadGroup: 1 : Thread Group
2024-08-29 02:11:25,853 INFO o.a.j.e.StandardJMeterEngine: Starting 15 threads for group Thread Group.
2024-08-29 02:11:25,853 INFO o.a.j.e.StandardJMeterEngine: Thread will continue on error
2024-08-29 02:11:25,853 INFO o.a.j.t.ThreadGroup: Starting thread group... number=1 threads=15 ramp-up=1 delayedStart=false
2024-08-29 02:11:25,858 INFO o.a.j.t.JMeterThread: Thread started: Thread Group 1-1
2024-08-29 02:11:25,862 INFO o.a.j.t.ThreadGroup: Started thread group number 1
2024-08-29 02:11:25,862 INFO o.a.j.e.StandardJMeterEngine: All thread groups have been started
2024-08-29 02:11:25,874 INFO o.a.j.p.h.s.HTTPHCAbstractImpl: Local host = DESKTOP-3UL0RQB
2024-08-29 02:11:25,882 INFO o.a.j.p.h.s.HTTPHC4Impl: HTTP request retry count = 0
2024-08-29 02:11:25,883 INFO o.a.j.s.SampleResult: Note: Sample TimeStamps are START times
2024-08-29 02:11:25,883 INFO o.a.j.s.SampleResult: sampleresult.default.encoding is set to UTF-8
2024-08-29 02:11:25,883 INFO o.a.j.s.SampleResult: sampleresult.useNanoTime=true
2024-08-29 02:11:25,883 INFO o.a.j.s.SampleResult: sampleresult.nanoThreadSleep=5000
2024-08-29 02:11:25,922 INFO o.a.j.t.JMeterThread: Thread started: Thread Group 1-2
2024-08-29 02:11:25,961 INFO o.a.j.t.JMeterThread: Thread is done: Thread Group 1-2
2024-08-29 02:11:25,961 INFO o.a.j.t.JMeterThread: Thread is done: Thread Group 1-1
2024-08-29 02:11:25,961 INFO o.a.j.t.JMeterThread: Thread finished: Thread Group 1-2
2024-08-29 02:11:25,961 INFO o.a.j.t.JMeterThread: Thread finished: Thread Group 1-1
2024-08-29 02:11:25,989 INFO o.a.j.t.JMeterThread: Thread started: Thread Group 1-3
2024-08-29 02:11:25,993 INFO o.a.j.t.JMeterThread: Thread is done: Thread Group 1-3
2024-08-29 02:11:25,994 INFO o.a.j.t.JMeterThread: Thread finished: Thread Group 1-3
2024-08-29 02:11:26,055 INFO o.a.j.t.JMeterThread: Thread started: Thread Group 1-4
2024-08-29 02:11:26,059 INFO o.a.j.t.JMeterThread: Thread is done: Thread Group 1-4
2024-08-29 02:11:26,059 INFO o.a.j.t.JMeterThread: Thread finished: Thread Group 1-4
2024-08-29 02:11:26,125 INFO o.a.j.t.JMeterThread: Thread started: Thread Group 1-5
2024-08-29 02:11:26,130 INFO o.a.j.t.JMeterThread: Thread is done: Thread Group 1-5
2024-08-29 02:11:26,130 INFO o.a.j.t.JMeterThread: Thread finished: Thread Group 1-5
2024-08-29 02:11:26,190 INFO o.a.j.t.JMeterThread: Thread started: Thread Group 1-6
2024-08-29 02:11:26,194 INFO o.a.j.t.JMeterThread: Thread is done: Thread Group 1-6
2024-08-29 02:11:26,194 INFO o.a.j.t.JMeterThread: Thread finished: Thread Group 1-6
2024-08-29 02:11:26,258 INFO o.a.j.t.JMeterThread: Thread started: Thread Group 1-7
2024-08-29 02:11:26,262 INFO o.a.j.t.JMeterThread: Thread is done: Thread Group 1-7
2024-08-29 02:11:26,263 INFO o.a.j.t.JMeterThread: Thread finished: Thread Group 1-7
2024-08-29 02:11:26,324 INFO o.a.j.t.JMeterThread: Thread started: Thread Group 1-8
2024-08-29 02:11:26,330 INFO o.a.j.t.JMeterThread: Thread is done: Thread Group 1-8
2024-08-29 02:11:26,330 INFO o.a.j.t.JMeterThread: Thread finished: Thread Group 1-8
2024-08-29 02:11:26,392 INFO o.a.j.t.JMeterThread: Thread started: Thread Group 1-9
2024-08-29 02:11:26,398 INFO o.a.j.t.JMeterThread: Thread is done: Thread Group 1-9
2024-08-29 02:11:26,398 INFO o.a.j.t.JMeterThread: Thread finished: Thread Group 1-9
2024-08-29 02:11:26,456 INFO o.a.j.t.JMeterThread: Thread started: Thread Group 1-10
2024-08-29 02:11:26,460 INFO o.a.j.t.JMeterThread: Thread is done: Thread Group 1-10
2024-08-29 02:11:26,461 INFO o.a.j.t.JMeterThread: Thread finished: Thread Group 1-10
2024-08-29 02:11:26,525 INFO o.a.j.t.JMeterThread: Thread started: Thread Group 1-11
2024-08-29 02:11:26,531 INFO o.a.j.t.JMeterThread: Thread is done: Thread Group 1-11
2024-08-29 02:11:26,531 INFO o.a.j.t.JMeterThread: Thread finished: Thread Group 1-11
2024-08-29 02:11:26,591 INFO o.a.j.t.JMeterThread: Thread started: Thread Group 1-12
2024-08-29 02:11:26,595 INFO o.a.j.t.JMeterThread: Thread is done: Thread Group 1-12
2024-08-29 02:11:26,595 INFO o.a.j.t.JMeterThread: Thread finished: Thread Group 1-12
2024-08-29 02:11:26,658 INFO o.a.j.t.JMeterThread: Thread started: Thread Group 1-13
2024-08-29 02:11:26,662 INFO o.a.j.t.JMeterThread: Thread is done: Thread Group 1-13
2024-08-29 02:11:26,662 INFO o.a.j.t.JMeterThread: Thread finished: Thread Group 1-13
2024-08-29 02:11:26,726 INFO o.a.j.t.JMeterThread: Thread started: Thread Group 1-14
2024-08-29 02:11:26,730 INFO o.a.j.t.JMeterThread: Thread is done: Thread Group 1-14
2024-08-29 02:11:26,730 INFO o.a.j.t.JMeterThread: Thread finished: Thread Group 1-14
2024-08-29 02:11:26,793 INFO o.a.j.t.JMeterThread: Thread started: Thread Group 1-15
2024-08-29 02:11:26,797 INFO o.a.j.t.JMeterThread: Thread is done: Thread Group 1-15
2024-08-29 02:11:26,797 INFO o.a.j.t.JMeterThread: Thread finished: Thread Group 1-15
2024-08-29 02:11:26,798 INFO o.a.j.e.StandardJMeterEngine: Notifying test listeners of end of test
2024-08-29 02:11:26,798 INFO o.a.j.g.u.JMeterMenuBar: setRunning(false, *local*)
2024-08-29 02:11:33,785 INFO o.a.j.e.StandardJMeterEngine: Running the test!
2024-08-29 02:11:33,785 INFO o.a.j.s.SampleEvent: List of sample_variables: []
2024-08-29 02:11:33,786 INFO o.a.j.g.u.JMeterMenuBar: setRunning(true, *local*)
2024-08-29 02:11:33,787 INFO o.a.j.e.StandardJMeterEngine: Starting ThreadGroup: 1 : Thread Group
2024-08-29 02:11:33,787 INFO o.a.j.e.StandardJMeterEngine: Starting 15 threads for group Thread Group.
2024-08-29 02:11:33,787 INFO o.a.j.e.StandardJMeterEngine: Thread will continue on error
2024-08-29 02:11:33,787 INFO o.a.j.t.ThreadGroup: Starting thread group... number=1 threads=15 ramp-up=1 delayedStart=false
2024-08-29 02:11:33,788 INFO o.a.j.t.JMeterThread: Thread started: Thread Group 1-1
2024-08-29 02:11:33,798 INFO o.a.j.t.ThreadGroup: Started thread group number 1
2024-08-29 02:11:33,799 INFO o.a.j.e.StandardJMeterEngine: All thread groups have been started
2024-08-29 02:11:33,801 INFO o.a.j.t.JMeterThread: Thread is done: Thread Group 1-1
2024-08-29 02:11:33,801 INFO o.a.j.t.JMeterThread: Thread finished: Thread Group 1-1
2024-08-29 02:11:33,856 INFO o.a.j.t.JMeterThread: Thread started: Thread Group 1-2
2024-08-29 02:11:33,861 INFO o.a.j.t.JMeterThread: Thread is done: Thread Group 1-2
2024-08-29 02:11:33,861 INFO o.a.j.t.JMeterThread: Thread finished: Thread Group 1-2
2024-08-29 02:11:33,928 INFO o.a.j.t.JMeterThread: Thread started: Thread Group 1-3
2024-08-29 02:11:33,932 INFO o.a.j.t.JMeterThread: Thread is done: Thread Group 1-3
2024-08-29 02:11:33,932 INFO o.a.j.t.JMeterThread: Thread finished: Thread Group 1-3
2024-08-29 02:11:33,996 INFO o.a.j.t.JMeterThread: Thread started: Thread Group 1-4
2024-08-29 02:11:34,000 INFO o.a.j.t.JMeterThread: Thread is done: Thread Group 1-4
2024-08-29 02:11:34,000 INFO o.a.j.t.JMeterThread: Thread finished: Thread Group 1-4
2024-08-29 02:11:34,058 INFO o.a.j.t.JMeterThread: Thread started: Thread Group 1-5
2024-08-29 02:11:34,062 INFO o.a.j.t.JMeterThread: Thread is done: Thread Group 1-5
2024-08-29 02:11:34,063 INFO o.a.j.t.JMeterThread: Thread finished: Thread Group 1-5
2024-08-29 02:11:34,124 INFO o.a.j.t.JMeterThread: Thread started: Thread Group 1-6
2024-08-29 02:11:34,128 INFO o.a.j.t.JMeterThread: Thread is done: Thread Group 1-6
2024-08-29 02:11:34,128 INFO o.a.j.t.JMeterThread: Thread finished: Thread Group 1-6
2024-08-29 02:11:34,192 INFO o.a.j.t.JMeterThread: Thread started: Thread Group 1-7
2024-08-29 02:11:34,196 INFO o.a.j.t.JMeterThread: Thread is done: Thread Group 1-7
2024-08-29 02:11:34,196 INFO o.a.j.t.JMeterThread: Thread finished: Thread Group 1-7
2024-08-29 02:11:34,258 INFO o.a.j.t.JMeterThread: Thread started: Thread Group 1-8
2024-08-29 02:11:34,261 INFO o.a.j.t.JMeterThread: Thread is done: Thread Group 1-8
2024-08-29 02:11:34,261 INFO o.a.j.t.JMeterThread: Thread finished: Thread Group 1-8
2024-08-29 02:11:34,326 INFO o.a.j.t.JMeterThread: Thread started: Thread Group 1-9
2024-08-29 02:11:34,331 INFO o.a.j.t.JMeterThread: Thread is done: Thread Group 1-9
2024-08-29 02:11:34,331 INFO o.a.j.t.JMeterThread: Thread finished: Thread Group 1-9
2024-08-29 02:11:34,392 INFO o.a.j.t.JMeterThread: Thread started: Thread Group 1-10
2024-08-29 02:11:34,396 INFO o.a.j.t.JMeterThread: Thread is done: Thread Group 1-10
2024-08-29 02:11:34,396 INFO o.a.j.t.JMeterThread: Thread finished: Thread Group 1-10
2024-08-29 02:11:34,458 INFO o.a.j.t.JMeterThread: Thread started: Thread Group 1-11
2024-08-29 02:11:34,462 INFO o.a.j.t.JMeterThread: Thread is done: Thread Group 1-11
2024-08-29 02:11:34,462 INFO o.a.j.t.JMeterThread: Thread finished: Thread Group 1-11
2024-08-29 02:11:34,527 INFO o.a.j.t.JMeterThread: Thread started: Thread Group 1-12
2024-08-29 02:11:34,531 INFO o.a.j.t.JMeterThread: Thread is done: Thread Group 1-12
2024-08-29 02:11:34,531 INFO o.a.j.t.JMeterThread: Thread finished: Thread Group 1-12
2024-08-29 02:11:34,594 INFO o.a.j.t.JMeterThread: Thread started: Thread Group 1-13
2024-08-29 02:11:34,599 INFO o.a.j.t.JMeterThread: Thread is done: Thread Group 1-13
2024-08-29 02:11:34,599 INFO o.a.j.t.JMeterThread: Thread finished: Thread Group 1-13
2024-08-29 02:11:34,665 INFO o.a.j.t.JMeterThread: Thread started: Thread Group 1-14
2024-08-29 02:11:34,669 INFO o.a.j.t.JMeterThread: Thread is done: Thread Group 1-14
2024-08-29 02:11:34,670 INFO o.a.j.t.JMeterThread: Thread finished: Thread Group 1-14
2024-08-29 02:11:34,726 INFO o.a.j.t.JMeterThread: Thread started: Thread Group 1-15
2024-08-29 02:11:34,730 INFO o.a.j.t.JMeterThread: Thread is done: Thread Group 1-15
2024-08-29 02:11:34,730 INFO o.a.j.t.JMeterThread: Thread finished: Thread Group 1-15
2024-08-29 02:11:34,731 INFO o.a.j.e.StandardJMeterEngine: Notifying test listeners of end of test
2024-08-29 02:11:34,731 INFO o.a.j.g.u.JMeterMenuBar: setRunning(false, *local*)
